2026-03-05 08:00:01,112 [1] INFO  PaymentGateway.Fraud.FraudScoringEngine - Fraud detection service initializing. Version=2.9.4, Environment=Production
2026-03-05 08:00:01,334 [1] INFO  PaymentGateway.Fraud.FraudScoringEngine - ML model loaded. Model=fraud_model_v4.2, Features=87, AUC=0.9741, LoadTimeMs=312
2026-03-05 08:00:01,557 [1] INFO  PaymentGateway.Fraud.RuleEngine - Rule engine initialized. VelocityRules=47, ThresholdRules=12, PatternRules=18, TotalRules=77
2026-03-05 08:00:01,779 [1] INFO  PaymentGateway.Fraud.DeviceFingerprintClient - Device fingerprint service connected. Endpoint=https://fp.fraud-internal.example, Timeout=5000ms
2026-03-05 08:00:02,002 [1] INFO  PaymentGateway.Fraud.BlocklistManager - Blocklist loaded. BINRanges=412, IPRanges=87, CustomerIds=203, CardHashes=1847
2026-03-05 08:00:02,224 [1] INFO  PaymentGateway.Fraud.VelocityTracker - Velocity tracker ready. Backend=Redis, Windows=[1min,5min,10min,1hr,24hr]
2026-03-05 08:00:02,447 [1] INFO  PaymentGateway.Fraud.FraudScoringEngine - Service ready. ReadyForScoring=true
2026-03-05 08:00:14,881 [2] DEBUG PaymentGateway.Fraud.FraudScoringEngine - Transaction scored. TXN=TXN-10041, Score=0.07, Risk=LOW, Model=fraud_model_v4.2, Features=[velocity_1hr=0, device_trust=0.94, amount_zscore=-0.31, country_match=true]
2026-03-05 08:00:14,992 [2] DEBUG PaymentGateway.Fraud.RuleEngine - Rules evaluated. TXN=TXN-10041, RulesTriggered=0, Action=ALLOW
2026-03-05 08:00:38,553 [3] DEBUG PaymentGateway.Fraud.FraudScoringEngine - Transaction scored. TXN=TXN-10042, Score=0.12, Risk=LOW, Model=fraud_model_v4.2, Features=[velocity_1hr=1, device_trust=0.88, amount_zscore=0.47, country_match=true]
2026-03-05 08:00:38,665 [3] DEBUG PaymentGateway.Fraud.RuleEngine - Rules evaluated. TXN=TXN-10042, RulesTriggered=0, Action=ALLOW
2026-03-05 08:01:02,997 [4] DEBUG PaymentGateway.Fraud.FraudScoringEngine - Transaction scored. TXN=TXN-10043, Score=0.09, Risk=LOW, Model=fraud_model_v4.2, Features=[velocity_1hr=0, device_trust=0.91, amount_zscore=-0.55, country_match=true]
2026-03-05 08:01:29,224 [3] DEBUG PaymentGateway.Fraud.FraudScoringEngine - Transaction scored. TXN=TXN-10044, Score=0.19, Risk=LOW, Model=fraud_model_v4.2, Features=[velocity_1hr=1, device_trust=0.83, amount_zscore=0.82, country_match=true]
2026-03-05 08:01:55,663 [2] DEBUG PaymentGateway.Fraud.FraudScoringEngine - Transaction scored. TXN=TXN-10045, Score=0.06, Risk=LOW, Model=fraud_model_v4.2, Features=[velocity_1hr=0, device_trust=0.97, amount_zscore=-0.11, country_match=true]
2026-03-05 08:02:18,447 [5] DEBUG PaymentGateway.Fraud.FraudScoringEngine - Transaction scored. TXN=TXN-10046, Score=0.34, Risk=MEDIUM, Model=fraud_model_v4.2, Features=[velocity_1hr=0, device_trust=0.72, amount_zscore=1.44, country_match=true, high_value=true]
2026-03-05 08:02:18,559 [5] WARN  PaymentGateway.Fraud.FraudScoringEngine - MEDIUM risk transaction flagged for review. TXN=TXN-10046, Score=0.34, Customer=CUST-6673, Amount=450.00 USD
2026-03-05 08:02:18,671 [5] INFO  PaymentGateway.Fraud.ManualReviewQueue - Transaction queued for manual review. TXN=TXN-10046, Score=0.34, Priority=NORMAL, QueueDepth=1
2026-03-05 08:03:07,882 [3] DEBUG PaymentGateway.Fraud.FraudScoringEngine - Transaction scored. TXN=TXN-10047, Score=0.11, Risk=LOW, Model=fraud_model_v4.2, Features=[velocity_1hr=0, device_trust=0.90, amount_zscore=0.08, country_match=true]
2026-03-05 08:04:01,114 [4] DEBUG PaymentGateway.Fraud.FraudScoringEngine - Transaction scored. TXN=TXN-10048, Score=0.22, Risk=LOW, Model=fraud_model_v4.2, Features=[velocity_1hr=1, device_trust=0.81, amount_zscore=0.99, country_match=true]
2026-03-05 08:05:13,447 [2] DEBUG PaymentGateway.Fraud.FraudScoringEngine - Transaction scored. TXN=TXN-10050, Score=0.08, Risk=LOW, Model=fraud_model_v4.2, Features=[velocity_1hr=0, device_trust=0.93, amount_zscore=-0.22, country_match=true]
2026-03-05 08:06:11,882 [3] DEBUG PaymentGateway.Fraud.FraudScoringEngine - Transaction scored. TXN=TXN-10051, Score=0.05, Risk=LOW, Model=fraud_model_v4.2, Features=[velocity_1hr=0, device_trust=0.96, amount_zscore=-0.48, country_match=true]
2026-03-05 08:07:19,114 [4] DEBUG PaymentGateway.Fraud.FraudScoringEngine - Transaction scored. TXN=TXN-10053, Score=0.10, Risk=LOW, Model=fraud_model_v4.2, Features=[velocity_1hr=0, device_trust=0.92, amount_zscore=-0.71, country_match=true]
2026-03-05 08:08:03,559 [2] DEBUG PaymentGateway.Fraud.FraudScoringEngine - Transaction scored. TXN=TXN-10055, Score=0.14, Risk=LOW, Model=fraud_model_v4.2, Features=[velocity_1hr=1, device_trust=0.87, amount_zscore=-0.02, country_match=true]
2026-03-05 08:09:44,882 [4] DEBUG PaymentGateway.Fraud.FraudScoringEngine - Transaction scored. TXN=TXN-10057, Score=0.07, Risk=LOW, Model=fraud_model_v4.2, Features=[velocity_1hr=0, device_trust=0.94, amount_zscore=-0.09, country_match=true]
2026-03-05 08:10:22,114 [2] DEBUG PaymentGateway.Fraud.FraudScoringEngine - Transaction scored. TXN=TXN-10058, Score=0.18, Risk=LOW, Model=fraud_model_v4.2, Features=[velocity_1hr=1, device_trust=0.85, amount_zscore=0.68, country_match=true]
2026-03-05 08:11:48,447 [3] DEBUG PaymentGateway.Fraud.FraudScoringEngine - Transaction scored. TXN=TXN-10060, Score=0.13, Risk=LOW, Model=fraud_model_v4.2, Features=[velocity_1hr=0, device_trust=0.89, amount_zscore=0.21, country_match=true]
2026-03-05 08:13:03,882 [4] DEBUG PaymentGateway.Fraud.FraudScoringEngine - Transaction scored. TXN=TXN-10061, Score=0.09, Risk=LOW, Model=fraud_model_v4.2, Features=[velocity_1hr=0, device_trust=0.91, amount_zscore=-0.19, country_match=true]
2026-03-05 08:14:17,224 [5] DEBUG PaymentGateway.Fraud.FraudScoringEngine - Transaction scored. TXN=TXN-10062, Score=0.26, Risk=LOW, Model=fraud_model_v4.2, Features=[velocity_1hr=2, device_trust=0.78, amount_zscore=0.93, country_match=true]
2026-03-05 08:16:14,559 [2] DEBUG PaymentGateway.Fraud.FraudScoringEngine - Transaction scored. TXN=TXN-10064, Score=0.06, Risk=LOW, Model=fraud_model_v4.2, Features=[velocity_1hr=0, device_trust=0.95, amount_zscore=-0.59, country_match=true]
2026-03-05 08:18:45,882 [3] DEBUG PaymentGateway.Fraud.FraudScoringEngine - Transaction scored. TXN=TXN-10066, Score=0.11, Risk=LOW, Model=fraud_model_v4.2, Features=[velocity_1hr=0, device_trust=0.90, amount_zscore=-0.08, country_match=true]
2026-03-05 08:20:02,224 [4] DEBUG PaymentGateway.Fraud.FraudScoringEngine - Transaction scored. TXN=TXN-10067, Score=0.09, Risk=LOW, Model=fraud_model_v4.2, Features=[velocity_1hr=0, device_trust=0.93, amount_zscore=0.14, country_match=true]
2026-03-05 08:21:19,447 [2] DEBUG PaymentGateway.Fraud.FraudScoringEngine - Transaction scored. TXN=TXN-10068, Score=0.08, Risk=LOW, Model=fraud_model_v4.2, Features=[velocity_1hr=0, device_trust=0.94, amount_zscore=-0.02, country_match=true]
2026-03-05 08:24:01,882 [4] DEBUG PaymentGateway.Fraud.FraudScoringEngine - Transaction scored. TXN=TXN-10070, Score=0.04, Risk=LOW, Model=fraud_model_v4.2, Features=[velocity_1hr=0, device_trust=0.98, amount_zscore=-0.77, country_match=true]
2026-03-05 08:25:18,114 [3] DEBUG PaymentGateway.Fraud.FraudScoringEngine - Transaction scored. TXN=TXN-10071, Score=0.17, Risk=LOW, Model=fraud_model_v4.2, Features=[velocity_1hr=1, device_trust=0.86, amount_zscore=0.55, country_match=true]
2026-03-05 08:27:41,447 [2] DEBUG PaymentGateway.Fraud.FraudScoringEngine - Transaction scored. TXN=TXN-10073, Score=0.10, Risk=LOW, Model=fraud_model_v4.2, Features=[velocity_1hr=0, device_trust=0.91, amount_zscore=-0.22, country_match=true]
2026-03-05 08:28:17,882 [5] DEBUG PaymentGateway.Fraud.FraudScoringEngine - Transaction scored. TXN=TXN-10072, Score=0.41, Risk=MEDIUM, Model=fraud_model_v4.2, Features=[velocity_1hr=0, device_trust=0.69, amount_zscore=2.11, country_match=true, high_value=true]
2026-03-05 08:28:17,994 [5] WARN  PaymentGateway.Fraud.FraudScoringEngine - MEDIUM risk transaction flagged for review. TXN=TXN-10072, Score=0.41, Customer=CUST-9956, Amount=1200.00 USD
2026-03-05 08:28:18,107 [5] INFO  PaymentGateway.Fraud.ManualReviewQueue - Transaction queued for manual review. TXN=TXN-10072, Score=0.41, Priority=HIGH, QueueDepth=2
2026-03-05 08:30:21,334 [2] DEBUG PaymentGateway.Fraud.FraudScoringEngine - Transaction scored. TXN=TXN-10075, Score=0.13, Risk=LOW, Model=fraud_model_v4.2, Features=[velocity_1hr=1, device_trust=0.88, amount_zscore=0.27, country_match=true]
2026-03-05 08:33:05,667 [6] DEBUG PaymentGateway.Fraud.FraudScoringEngine - Transaction scored. TXN=TXN-10077, Score=0.16, Risk=LOW, Model=fraud_model_v4.2, Features=[velocity_1hr=0, device_trust=0.87, amount_zscore=0.61, country_match=true]
2026-03-05 08:34:22,002 [2] DEBUG PaymentGateway.Fraud.FraudScoringEngine - Transaction scored. TXN=TXN-10078, Score=0.05, Risk=LOW, Model=fraud_model_v4.2, Features=[velocity_1hr=0, device_trust=0.96, amount_zscore=-0.41, country_match=true]
2026-03-05 08:36:07,334 [3] WARN  PaymentGateway.Fraud.FraudScoringEngine - HIGH risk transaction auto-blocked. TXN=TXN-10079B, Score=0.83, Customer=CUST-0042, Amount=249.00 USD, TriggeringRule=new_device_high_amount, IP=91.108.4.77
2026-03-05 08:36:07,447 [3] DEBUG PaymentGateway.Fraud.RuleEngine - Rules evaluated. TXN=TXN-10079B, RulesTriggered=2, TriggeredRules=[new_device_high_amount, ip_reputation_low], Action=BLOCK
2026-03-05 08:36:07,559 [3] INFO  PaymentGateway.Fraud.AlertService - Fraud block alert sent. TXN=TXN-10079B, Score=0.83, Channel=slack, Recipient=#fraud-alerts
2026-03-05 08:37:07,882 [4] DEBUG PaymentGateway.Fraud.FraudScoringEngine - Transaction scored. TXN=TXN-10080, Score=0.12, Risk=LOW, Model=fraud_model_v4.2, Features=[velocity_1hr=0, device_trust=0.90, amount_zscore=0.04, country_match=true]
2026-03-05 08:38:33,114 [5] DEBUG PaymentGateway.Fraud.FraudScoringEngine - Transaction scored. TXN=TXN-10081, Score=0.21, Risk=LOW, Model=fraud_model_v4.2, Features=[velocity_1hr=1, device_trust=0.82, amount_zscore=0.74, country_match=true]
2026-03-05 08:40:01,447 [2] DEBUG PaymentGateway.Fraud.FraudScoringEngine - Transaction scored. TXN=TXN-10082, Score=0.08, Risk=LOW, Model=fraud_model_v4.2, Features=[velocity_1hr=0, device_trust=0.93, amount_zscore=-0.14, country_match=true]
2026-03-05 08:42:56,882 [3] DEBUG PaymentGateway.Fraud.FraudScoringEngine - Transaction scored. TXN=TXN-10084, Score=0.11, Risk=LOW, Model=fraud_model_v4.2, Features=[velocity_1hr=0, device_trust=0.91, amount_zscore=0.01, country_match=true]
2026-03-05 08:45:31,224 [2] DEBUG PaymentGateway.Fraud.FraudScoringEngine - Transaction scored. TXN=TXN-10085, Score=0.15, Risk=LOW, Model=fraud_model_v4.2, Features=[velocity_1hr=1, device_trust=0.87, amount_zscore=0.41, country_match=true]
2026-03-05 08:46:58,559 [4] DEBUG PaymentGateway.Fraud.FraudScoringEngine - Transaction scored. TXN=TXN-10086, Score=0.07, Risk=LOW, Model=fraud_model_v4.2, Features=[velocity_1hr=0, device_trust=0.95, amount_zscore=-0.25, country_match=true]
2026-03-05 08:48:16,882 [3] DEBUG PaymentGateway.Fraud.FraudScoringEngine - Transaction scored. TXN=TXN-10087, Score=0.14, Risk=LOW, Model=fraud_model_v4.2, Features=[velocity_1hr=0, device_trust=0.88, amount_zscore=0.18, country_match=true]
2026-03-05 08:49:43,114 [5] DEBUG PaymentGateway.Fraud.FraudScoringEngine - Transaction scored. TXN=TXN-10088, Score=0.09, Risk=LOW, Model=fraud_model_v4.2, Features=[velocity_1hr=0, device_trust=0.92, amount_zscore=-0.08, country_match=true]
2026-03-05 08:52:17,447 [4] DEBUG PaymentGateway.Fraud.FraudScoringEngine - Transaction scored. TXN=TXN-10090, Score=0.06, Risk=LOW, Model=fraud_model_v4.2, Features=[velocity_1hr=0, device_trust=0.96, amount_zscore=-0.57, country_match=true]
2026-03-05 08:53:44,882 [3] DEBUG PaymentGateway.Fraud.FraudScoringEngine - Transaction scored. TXN=TXN-10091, Score=0.23, Risk=LOW, Model=fraud_model_v4.2, Features=[velocity_1hr=1, device_trust=0.80, amount_zscore=0.88, country_match=true]
2026-03-05 08:55:01,224 [6] DEBUG PaymentGateway.Fraud.FraudScoringEngine - Transaction scored. TXN=TXN-10092, Score=0.10, Risk=LOW, Model=fraud_model_v4.2, Features=[velocity_1hr=0, device_trust=0.91, amount_zscore=0.03, country_match=true]
2026-03-05 08:57:45,559 [4] DEBUG PaymentGateway.Fraud.FraudScoringEngine - Transaction scored. TXN=TXN-10094, Score=0.16, Risk=LOW, Model=fraud_model_v4.2, Features=[velocity_1hr=0, device_trust=0.87, amount_zscore=0.28, country_match=true]
2026-03-05 08:59:03,224 [3] DEBUG PaymentGateway.Fraud.VelocityTracker - Velocity report. Window=1hr, TotalTransactions=68, UniqueCustomers=61, UniqueIPs=64, UniqueCards=65, FlaggedClusters=0
2026-03-05 09:00:17,447 [2] DEBUG PaymentGateway.Fraud.FraudScoringEngine - Transaction scored. TXN=TXN-10095, Score=0.08, Risk=LOW, Model=fraud_model_v4.2, Features=[velocity_1hr=0, device_trust=0.94, amount_zscore=-0.20, country_match=true]
2026-03-05 09:01:02,882 [5] DEBUG PaymentGateway.Fraud.FraudScoringEngine - Transaction scored. TXN=TXN-10096, Score=0.19, Risk=LOW, Model=fraud_model_v4.2, Features=[velocity_1hr=1, device_trust=0.84, amount_zscore=0.65, country_match=true]
2026-03-05 09:01:28,114 [3] DEBUG PaymentGateway.Fraud.FraudScoringEngine - Transaction scored. TXN=TXN-10097, Score=0.07, Risk=LOW, Model=fraud_model_v4.2, Features=[velocity_1hr=0, device_trust=0.95, amount_zscore=-0.23, country_match=true]
2026-03-05 09:01:55,447 [6] DEBUG PaymentGateway.Fraud.FraudScoringEngine - Transaction scored. TXN=TXN-10098, Score=0.13, Risk=LOW, Model=fraud_model_v4.2, Features=[velocity_1hr=0, device_trust=0.89, amount_zscore=0.08, country_match=true]
2026-03-05 09:02:33,882 [4] DEBUG PaymentGateway.Fraud.FraudScoringEngine - Transaction scored. TXN=TXN-10099, Score=0.11, Risk=LOW, Model=fraud_model_v4.2, Features=[velocity_1hr=1, device_trust=0.90, amount_zscore=-0.01, country_match=true]
2026-03-05 09:02:58,224 [2] DEBUG PaymentGateway.Fraud.FraudScoringEngine - Transaction scored. TXN=TXN-10100, Score=0.17, Risk=LOW, Model=fraud_model_v4.2, Features=[velocity_1hr=1, device_trust=0.86, amount_zscore=0.33, country_match=true]
2026-03-05 09:03:21,559 [5] DEBUG PaymentGateway.Fraud.FraudScoringEngine - Transaction scored. TXN=TXN-10101, Score=0.24, Risk=LOW, Model=fraud_model_v4.2, Features=[velocity_1hr=2, device_trust=0.79, amount_zscore=0.91, country_match=true]
2026-03-05 09:04:02,882 [3] DEBUG PaymentGateway.Fraud.FraudScoringEngine - Transaction scored. TXN=TXN-10102, Score=0.06, Risk=LOW, Model=fraud_model_v4.2, Features=[velocity_1hr=0, device_trust=0.96, amount_zscore=-0.52, country_match=true]
2026-03-05 09:05:01,114 [2] DEBUG PaymentGateway.Fraud.VelocityTracker - BIN cluster forming. BIN=452763, Transactions5min=3, UniqueCards=3, IP=45.33.112.44, AmountRange=[1.00-9.99]
2026-03-05 09:05:22,334 [4] WARN  PaymentGateway.Fraud.FraudScoringEngine - HIGH risk transaction auto-blocked. TXN=TXN-10103B, Score=0.79, Customer=CUST-0091, Amount=7.50 USD, TriggeringRule=velocity_small_amount_rapid, IP=45.33.112.44
2026-03-05 09:05:22,447 [4] DEBUG PaymentGateway.Fraud.RuleEngine - Rules evaluated. TXN=TXN-10103B, RulesTriggered=3, TriggeredRules=[velocity_small_amount_rapid, bin_cluster_forming, ip_velocity_high], Action=BLOCK
2026-03-05 09:05:38,779 [3] DEBUG PaymentGateway.Fraud.VelocityTracker - BIN cluster escalating. BIN=452763, Transactions5min=5, UniqueCards=5, IP=45.33.112.44, AmountRange=[1.00-9.99]
2026-03-05 09:05:51,002 [5] WARN  PaymentGateway.Fraud.FraudScoringEngine - HIGH risk transaction auto-blocked. TXN=TXN-10104B, Score=0.84, Customer=CUST-0094, Amount=4.99 USD, TriggeringRule=bin_cluster_forming, IP=45.33.112.44
2026-03-05 09:05:51,114 [5] DEBUG PaymentGateway.Fraud.RuleEngine - Rules evaluated. TXN=TXN-10104B, RulesTriggered=3, TriggeredRules=[bin_cluster_forming, velocity_small_amount_rapid, ip_single_source_multi_card], Action=BLOCK
2026-03-05 09:06:04,334 [2] WARN  PaymentGateway.Fraud.VelocityTracker - Velocity rule triggered. Rule=velocity_5_in_10min, BIN=452763, CardsInWindow=5, TimeWindowMin=10, SourceIP=45.33.112.44, Action=FLAG_BIN
2026-03-05 09:06:04,447 [2] WARN  PaymentGateway.Fraud.BlocklistManager - BIN range added to soft blocklist. BIN=452763, Reason=velocity_5_in_10min, Expiry=2026-03-05T10:06:04Z
2026-03-05 09:06:17,669 [6] WARN  PaymentGateway.Fraud.FraudScoringEngine - HIGH risk transaction auto-blocked. TXN=TXN-10105B, Score=0.88, Customer=CUST-0097, Amount=3.25 USD, TriggeringRule=velocity_5_in_10min, IP=45.33.112.51
2026-03-05 09:06:17,781 [6] DEBUG PaymentGateway.Fraud.RuleEngine - Rules evaluated. TXN=TXN-10105B, RulesTriggered=4, TriggeredRules=[velocity_5_in_10min, bin_blocklist_soft, ip_cluster_same_subnet, velocity_small_amount_rapid], Action=BLOCK
2026-03-05 09:06:27,114 [4] DEBUG PaymentGateway.Fraud.FraudScoringEngine - Transaction scored. TXN=TXN-10107, Score=0.21, Risk=LOW, Model=fraud_model_v4.2, Features=[velocity_1hr=2, device_trust=0.83, amount_zscore=1.02, country_match=true]
2026-03-05 09:06:54,334 [3] DEBUG PaymentGateway.Fraud.FraudScoringEngine - Transaction scored. TXN=TXN-10108, Score=0.10, Risk=LOW, Model=fraud_model_v4.2, Features=[velocity_1hr=0, device_trust=0.91, amount_zscore=-0.30, country_match=true]
2026-03-05 09:07:03,559 [2] WARN  PaymentGateway.Fraud.VelocityTracker - Velocity rule triggered. Rule=velocity_5_in_10min, BIN=452763, CardsInWindow=7, TimeWindowMin=10, SourceIP=45.33.112.51, Action=ESCALATE
2026-03-05 09:07:03,672 [2] WARN  PaymentGateway.Fraud.FraudScoringEngine - HIGH risk transaction auto-blocked. TXN=TXN-10106B, Score=0.91, Customer=CUST-0101, Amount=6.75 USD, TriggeringRule=velocity_5_in_10min, IP=45.33.112.51
2026-03-05 09:07:44,882 [4] DEBUG PaymentGateway.Fraud.FraudScoringEngine - Transaction scored. TXN=TXN-10109, Score=0.15, Risk=LOW, Model=fraud_model_v4.2, Features=[velocity_1hr=1, device_trust=0.88, amount_zscore=0.52, country_match=true]
2026-03-05 09:08:08,224 [2] DEBUG PaymentGateway.Fraud.FraudScoringEngine - Transaction scored. TXN=TXN-10110, Score=0.09, Risk=LOW, Model=fraud_model_v4.2, Features=[velocity_1hr=0, device_trust=0.93, amount_zscore=-0.07, country_match=true]
2026-03-05 09:09:33,559 [3] DEBUG PaymentGateway.Fraud.FraudScoringEngine - Transaction scored. TXN=TXN-10111, Score=0.14, Risk=LOW, Model=fraud_model_v4.2, Features=[velocity_1hr=0, device_trust=0.89, amount_zscore=0.22, country_match=true]
2026-03-05 09:10:57,882 [6] DEBUG PaymentGateway.Fraud.FraudScoringEngine - Transaction scored. TXN=TXN-10112, Score=0.08, Risk=LOW, Model=fraud_model_v4.2, Features=[velocity_1hr=0, device_trust=0.94, amount_zscore=-0.17, country_match=true]
2026-03-05 09:13:45,224 [4] DEBUG PaymentGateway.Fraud.FraudScoringEngine - Transaction scored. TXN=TXN-10113, Score=0.18, Risk=LOW, Model=fraud_model_v4.2, Features=[velocity_1hr=1, device_trust=0.86, amount_zscore=0.60, country_match=true]
2026-03-05 09:15:09,559 [3] DEBUG PaymentGateway.Fraud.FraudScoringEngine - Transaction scored. TXN=TXN-10114, Score=0.12, Risk=LOW, Model=fraud_model_v4.2, Features=[velocity_1hr=0, device_trust=0.90, amount_zscore=0.05, country_match=true]
2026-03-05 09:17:57,882 [2] DEBUG PaymentGateway.Fraud.FraudScoringEngine - Transaction scored. TXN=TXN-10116, Score=0.11, Risk=LOW, Model=fraud_model_v4.2, Features=[velocity_1hr=0, device_trust=0.91, amount_zscore=-0.05, country_match=true]
2026-03-05 09:19:21,224 [4] DEBUG PaymentGateway.Fraud.FraudScoringEngine - Transaction scored. TXN=TXN-10117, Score=0.09, Risk=LOW, Model=fraud_model_v4.2, Features=[velocity_1hr=0, device_trust=0.93, amount_zscore=0.77, country_match=true]
2026-03-05 09:22:34,559 [6] DEBUG PaymentGateway.Fraud.FraudScoringEngine - Transaction scored. TXN=TXN-10118, Score=0.13, Risk=LOW, Model=fraud_model_v4.2, Features=[velocity_1hr=1, device_trust=0.89, amount_zscore=0.10, country_match=true]
2026-03-05 09:24:08,882 [2] DEBUG PaymentGateway.Fraud.FraudScoringEngine - Transaction scored. TXN=TXN-10119, Score=0.05, Risk=LOW, Model=fraud_model_v4.2, Features=[velocity_1hr=0, device_trust=0.97, amount_zscore=-0.73, country_match=true]
2026-03-05 09:25:42,224 [4] DEBUG PaymentGateway.Fraud.FraudScoringEngine - Transaction scored. TXN=TXN-10120, Score=0.20, Risk=LOW, Model=fraud_model_v4.2, Features=[velocity_1hr=1, device_trust=0.83, amount_zscore=0.70, country_match=true]
2026-03-05 09:28:50,559 [5] DEBUG PaymentGateway.Fraud.FraudScoringEngine - Transaction scored. TXN=TXN-10122, Score=0.16, Risk=LOW, Model=fraud_model_v4.2, Features=[velocity_1hr=0, device_trust=0.87, amount_zscore=0.44, country_match=true]
2026-03-05 09:30:02,002 [3] WARN  PaymentGateway.Fraud.VelocityTracker - Anomaly detected: organized card testing attack. Cards=23, Transactions=47, WindowMin=8, IPRange=45.33.x.x, BINRange=452763-452799, AmountRange=[1.00-9.99], Pattern=card_testing_systematic
2026-03-05 09:30:02,114 [3] INFO  PaymentGateway.Fraud.AlertService - High severity fraud alert dispatched. AlertType=organized_card_testing, Cards=23, Transactions=47, IPRange=45.33.0.0/16, Channels=[slack,email,pagerduty]
2026-03-05 09:30:14,334 [2] INFO  PaymentGateway.Fraud.RuleEngine - Emergency velocity rule added. RuleId=emer_rule_20260305_001, Pattern=ip_subnet_45_33_0_0_16_rapid_small_amounts, Action=BLOCK_AND_ALERT, ExpiresIn=3600s
2026-03-05 09:30:47,559 [4] DEBUG PaymentGateway.Fraud.FraudScoringEngine - Transaction scored. TXN=TXN-10123, Score=0.19, Risk=LOW, Model=fraud_model_v4.2, Features=[velocity_1hr=1, device_trust=0.85, amount_zscore=0.11, country_match=true]
2026-03-05 09:31:03,882 [5] WARN  PaymentGateway.Fraud.BlocklistManager - IP range blocked. CIDRRange=45.33.0.0/16, Reason=organized_card_testing, TransactionsBlocked=12, CardsAffected=23, BlockedBy=emer_rule_20260305_001
2026-03-05 09:31:04,002 [5] INFO  PaymentGateway.Fraud.AlertService - IP range block notification sent. CIDRRange=45.33.0.0/16, Channels=[slack,email]
2026-03-05 09:31:22,224 [3] WARN  PaymentGateway.Fraud.FraudScoringEngine - HIGH risk transaction auto-blocked. TXN=TXN-10107B, Score=0.93, Customer=CUST-0112, Amount=2.00 USD, TriggeringRule=emer_rule_20260305_001, IP=45.33.87.19
2026-03-05 09:31:34,447 [6] WARN  PaymentGateway.Fraud.FraudScoringEngine - HIGH risk transaction auto-blocked. TXN=TXN-10108B, Score=0.94, Customer=CUST-0119, Amount=1.50 USD, TriggeringRule=emer_rule_20260305_001, IP=45.33.91.204
2026-03-05 09:31:47,669 [2] WARN  PaymentGateway.Fraud.FraudScoringEngine - HIGH risk transaction auto-blocked. TXN=TXN-10109B, Score=0.95, Customer=CUST-0123, Amount=5.00 USD, TriggeringRule=emer_rule_20260305_001, IP=45.33.45.178
2026-03-05 09:32:01,882 [4] WARN  PaymentGateway.Fraud.FraudScoringEngine - HIGH risk transaction auto-blocked. TXN=TXN-10110B, Score=0.96, Customer=CUST-0128, Amount=3.75 USD, TriggeringRule=emer_rule_20260305_001, IP=45.33.102.33
2026-03-05 09:32:14,114 [3] WARN  PaymentGateway.Fraud.FraudScoringEngine - HIGH risk transaction auto-blocked. TXN=TXN-10111B, Score=0.95, Customer=CUST-0134, Amount=8.99 USD, TriggeringRule=emer_rule_20260305_001, IP=45.33.67.221
2026-03-05 09:32:33,334 [5] DEBUG PaymentGateway.Fraud.FraudScoringEngine - Transaction scored. TXN=TXN-10124, Score=0.22, Risk=LOW, Model=fraud_model_v4.2, Features=[velocity_1hr=2, device_trust=0.81, amount_zscore=0.38, country_match=true]
2026-03-05 09:33:14,557 [2] DEBUG PaymentGateway.Fraud.FraudScoringEngine - Transaction scored. TXN=TXN-10125, Score=0.11, Risk=LOW, Model=fraud_model_v4.2, Features=[velocity_1hr=0, device_trust=0.91, amount_zscore=0.60, country_match=true]
2026-03-05 09:34:12,882 [3] DEBUG PaymentGateway.Fraud.FraudScoringEngine - Transaction scored. TXN=TXN-10126, Score=0.09, Risk=LOW, Model=fraud_model_v4.2, Features=[velocity_1hr=0, device_trust=0.93, amount_zscore=-0.08, country_match=true]
2026-03-05 09:35:04,224 [2] DEBUG PaymentGateway.Fraud.FraudScoringEngine - Transaction scored. TXN=TXN-10127, Score=0.07, Risk=LOW, Model=fraud_model_v4.2, Features=[velocity_1hr=0, device_trust=0.95, amount_zscore=-0.19, country_match=true]
2026-03-05 09:37:54,447 [4] DEBUG PaymentGateway.Fraud.FraudScoringEngine - Transaction scored. TXN=TXN-10130, Score=0.14, Risk=LOW, Model=fraud_model_v4.2, Features=[velocity_1hr=0, device_trust=0.88, amount_zscore=0.41, country_match=true]
2026-03-05 09:51:17,002 [3] ERROR PaymentGateway.Fraud.FraudScoringEngine - Legitimate transaction incorrectly blocked by IP range rule. TXN=TXN-10145B, Customer=CUST-7734, Amount=189.00 USD, IP=45.33.201.88, Reason=false_positive_ip_range_block, ManualReviewRequired=true
2026-03-05 09:51:17,114 [3] INFO  PaymentGateway.Fraud.ManualReviewQueue - Legitimate customer transaction flagged for urgent review. TXN=TXN-10145B, Customer=CUST-7734, Priority=URGENT, QueueDepth=4
2026-03-05 09:51:17,229 [3] INFO  PaymentGateway.Fraud.AlertService - False positive alert dispatched. TXN=TXN-10145B, Customer=CUST-7734, Channels=[slack,email], Recipient=#fraud-ops
2026-03-05 09:52:44,334 [5] ERROR PaymentGateway.Fraud.FraudScoringEngine - Legitimate transaction incorrectly blocked. TXN=TXN-10146B, Customer=CUST-8812, Amount=99.00 USD, IP=45.33.198.14, Reason=false_positive_ip_range_block, ManualReviewRequired=true
2026-03-05 09:52:44,447 [5] INFO  PaymentGateway.Fraud.ManualReviewQueue - Legitimate customer transaction flagged for urgent review. TXN=TXN-10146B, Customer=CUST-8812, Priority=URGENT, QueueDepth=5
2026-03-05 09:53:58,669 [2] ERROR PaymentGateway.Fraud.FraudScoringEngine - Legitimate transaction incorrectly blocked. TXN=TXN-10147B, Customer=CUST-3323, Amount=54.99 USD, IP=45.33.215.200, Reason=false_positive_ip_range_block, ManualReviewRequired=true
2026-03-05 09:53:58,782 [2] INFO  PaymentGateway.Fraud.ManualReviewQueue - Legitimate customer transaction flagged for urgent review. TXN=TXN-10147B, Customer=CUST-3323, Priority=URGENT, QueueDepth=6
2026-03-05 09:54:11,002 [4] INFO  PaymentGateway.Fraud.AlertService - False positive cascade alert dispatched. Count=3, IPRange=45.33.0.0/16, AffectedCustomers=[CUST-7734,CUST-8812,CUST-3323], Channels=[slack,email,pagerduty], Severity=HIGH
2026-03-05 09:55:29,334 [3] DEBUG PaymentGateway.Fraud.FraudScoringEngine - Transaction scored. TXN=TXN-10148, Score=0.08, Risk=LOW, Model=fraud_model_v4.2, Features=[velocity_1hr=0, device_trust=0.94, amount_zscore=-0.03, country_match=true]
2026-03-05 09:57:06,669 [5] DEBUG PaymentGateway.Fraud.FraudScoringEngine - Transaction scored. TXN=TXN-10149, Score=0.12, Risk=LOW, Model=fraud_model_v4.2, Features=[velocity_1hr=0, device_trust=0.90, amount_zscore=0.25, country_match=true]
2026-03-05 09:58:44,002 [2] DEBUG PaymentGateway.Fraud.FraudScoringEngine - Transaction scored. TXN=TXN-10150, Score=0.07, Risk=LOW, Model=fraud_model_v4.2, Features=[velocity_1hr=0, device_trust=0.95, amount_zscore=-0.18, country_match=true]
2026-03-05 10:00:22,334 [6] DEBUG PaymentGateway.Fraud.FraudScoringEngine - Transaction scored. TXN=TXN-10151, Score=0.10, Risk=LOW, Model=fraud_model_v4.2, Features=[velocity_1hr=1, device_trust=0.91, amount_zscore=0.29, country_match=true]
2026-03-05 10:02:00,559 [4] DEBUG PaymentGateway.Fraud.FraudScoringEngine - Transaction scored. TXN=TXN-10152, Score=0.13, Risk=LOW, Model=fraud_model_v4.2, Features=[velocity_1hr=0, device_trust=0.89, amount_zscore=0.79, country_match=true]
2026-03-05 10:03:38,882 [3] DEBUG PaymentGateway.Fraud.FraudScoringEngine - Transaction scored. TXN=TXN-10153, Score=0.06, Risk=LOW, Model=fraud_model_v4.2, Features=[velocity_1hr=0, device_trust=0.96, amount_zscore=-0.44, country_match=true]
2026-03-05 10:10:14,002 [1] INFO  PaymentGateway.Fraud.ManualReviewQueue - Manual review complete. TXN=TXN-10145B, Customer=CUST-7734, Outcome=LEGITIMATE, Reviewer=fraud_analyst_02, ActionTaken=unblock_customer
2026-03-05 10:10:14,114 [1] INFO  PaymentGateway.Fraud.ManualReviewQueue - Manual review complete. TXN=TXN-10146B, Customer=CUST-8812, Outcome=LEGITIMATE, Reviewer=fraud_analyst_02, ActionTaken=unblock_customer
2026-03-05 10:10:14,229 [1] INFO  PaymentGateway.Fraud.ManualReviewQueue - Manual review complete. TXN=TXN-10147B, Customer=CUST-3323, Outcome=LEGITIMATE, Reviewer=fraud_analyst_02, ActionTaken=unblock_customer
2026-03-05 10:10:31,441 [1] WARN  PaymentGateway.Fraud.BlocklistManager - Blocklist refined. OldCIDR=45.33.0.0/16, NewCIDR=[45.33.0.0/20, 45.33.64.0/20, 45.33.112.0/20], Reason=false_positive_reduction, LegitimateRangesExcluded=[45.33.192.0/20, 45.33.208.0/20]
2026-03-05 10:10:32,002 [1] INFO  PaymentGateway.Fraud.AlertService - Blocklist refinement notification sent. UpdatedRanges=3, RemovedRanges=2, Channels=[slack,email]
2026-03-05 10:11:08,334 [3] DEBUG PaymentGateway.Fraud.FraudScoringEngine - Transaction scored. TXN=TXN-10154, Score=0.09, Risk=LOW, Model=fraud_model_v4.2, Features=[velocity_1hr=0, device_trust=0.93, amount_zscore=-0.12, country_match=true]
2026-03-05 10:12:47,669 [5] DEBUG PaymentGateway.Fraud.FraudScoringEngine - Transaction scored. TXN=TXN-10155, Score=0.15, Risk=LOW, Model=fraud_model_v4.2, Features=[velocity_1hr=0, device_trust=0.87, amount_zscore=0.36, country_match=true]
2026-03-05 10:14:26,882 [2] DEBUG PaymentGateway.Fraud.FraudScoringEngine - Transaction scored. TXN=TXN-10156, Score=0.08, Risk=LOW, Model=fraud_model_v4.2, Features=[velocity_1hr=0, device_trust=0.94, amount_zscore=-0.06, country_match=true]
2026-03-05 10:16:04,224 [4] DEBUG PaymentGateway.Fraud.FraudScoringEngine - Transaction scored. TXN=TXN-10157, Score=0.11, Risk=LOW, Model=fraud_model_v4.2, Features=[velocity_1hr=0, device_trust=0.91, amount_zscore=0.69, country_match=true]
2026-03-05 10:17:43,447 [3] DEBUG PaymentGateway.Fraud.FraudScoringEngine - Transaction scored. TXN=TXN-10158, Score=0.07, Risk=LOW, Model=fraud_model_v4.2, Features=[velocity_1hr=0, device_trust=0.95, amount_zscore=-0.22, country_match=true]
2026-03-05 10:19:22,669 [6] DEBUG PaymentGateway.Fraud.FraudScoringEngine - Transaction scored. TXN=TXN-10159, Score=0.10, Risk=LOW, Model=fraud_model_v4.2, Features=[velocity_1hr=0, device_trust=0.92, amount_zscore=-0.09, country_match=true]
2026-03-05 10:21:01,882 [2] DEBUG PaymentGateway.Fraud.FraudScoringEngine - Transaction scored. TXN=TXN-10160, Score=0.14, Risk=LOW, Model=fraud_model_v4.2, Features=[velocity_1hr=1, device_trust=0.88, amount_zscore=0.17, country_match=true]
2026-03-05 10:22:40,114 [4] DEBUG PaymentGateway.Fraud.FraudScoringEngine - Transaction scored. TXN=TXN-10161, Score=0.09, Risk=LOW, Model=fraud_model_v4.2, Features=[velocity_1hr=0, device_trust=0.93, amount_zscore=0.12, country_match=true]
2026-03-05 10:24:19,334 [3] DEBUG PaymentGateway.Fraud.FraudScoringEngine - Transaction scored. TXN=TXN-10162, Score=0.16, Risk=LOW, Model=fraud_model_v4.2, Features=[velocity_1hr=1, device_trust=0.86, amount_zscore=0.42, country_match=true]
2026-03-05 10:25:58,557 [5] DEBUG PaymentGateway.Fraud.FraudScoringEngine - Transaction scored. TXN=TXN-10163, Score=0.07, Risk=LOW, Model=fraud_model_v4.2, Features=[velocity_1hr=0, device_trust=0.95, amount_zscore=-0.10, country_match=true]
2026-03-05 10:27:37,882 [2] DEBUG PaymentGateway.Fraud.FraudScoringEngine - Transaction scored. TXN=TXN-10164, Score=0.12, Risk=LOW, Model=fraud_model_v4.2, Features=[velocity_1hr=0, device_trust=0.90, amount_zscore=0.62, country_match=true]
2026-03-05 10:28:14,002 [1] FATAL PaymentGateway.Fraud.FraudScoringEngine - Card testing attack severity report. AttackId=ATK-20260305-001, CompromisedCards=23, BlockedTransactions=47, TotalAttemptedAmount=287.50 USD, AttackDurationMin=28, SourceIPRange=45.33.0.0/16, BINRange=452763-452799, FalsePositivesGenerated=3, FalsePositiveResolutionMin=38, AttackClassification=ORGANIZED_CARD_TESTING, ConfidenceLevel=0.97
2026-03-05 10:28:14,114 [1] INFO  PaymentGateway.Fraud.AlertService - Attack severity report filed. AttackId=ATK-20260305-001, ReportPath=/reports/fraud/ATK-20260305-001.json, Channels=[slack,email,pagerduty,soc_dashboard]
2026-03-05 10:29:16,334 [3] DEBUG PaymentGateway.Fraud.FraudScoringEngine - Transaction scored. TXN=TXN-10165, Score=0.08, Risk=LOW, Model=fraud_model_v4.2, Features=[velocity_1hr=0, device_trust=0.94, amount_zscore=-0.21, country_match=true]
2026-03-05 10:29:58,559 [5] DEBUG PaymentGateway.Fraud.VelocityTracker - Velocity report. Window=1hr, TotalTransactions=81, UniqueCustomers=78, UniqueIPs=75, FlaggedClusters=0, EmergencyRulesActive=1
2026-03-05 10:30:00,002 [1] INFO  PaymentGateway.Fraud.FraudScoringEngine - Hourly summary. Uptime=02:30:00, TotalScored=197, Blocked=19, ManualReview=5, FalsePositives=3, FalsePositiveRate=0.015, AttacksDetected=1, EmergencyRulesActive=1
